2025-06-23T00:28:09.072Z - success: protocol editor-framework registered
2025-06-23T00:28:09.073Z - success: protocol app registered
2025-06-23T00:28:09.073Z - success: protocol theme registered
2025-06-23T00:28:09.073Z - success: protocol packages registered
2025-06-23T00:28:09.080Z - normal: Load ~/.CocosCreator/settings.json
2025-06-23T00:28:09.088Z - success: protocol uuid registerred
2025-06-23T00:28:09.088Z - success: protocol db registerred
2025-06-23T00:28:09.088Z - success: protocol thumbnail registerred
2025-06-23T00:28:09.125Z - normal: Initializing Asset Database
2025-06-23T00:28:09.126Z - normal: checking language setting...
2025-06-23T00:28:09.126Z - normal: Language: en
2025-06-23T00:28:09.127Z - success: protocol unpack registerred
2025-06-23T00:28:09.127Z - success: protocol disable-commonjs registerred
2025-06-23T00:28:10.073Z - normal: connected!
2025-06-23T00:28:10.466Z - normal: Check project /Users/albertmurzakov/Desktop/cocosgame/testGame
2025-06-23T00:28:10.467Z - normal: Initializing project /Users/albertmurzakov/Desktop/cocosgame/testGame
2025-06-23T00:28:10.592Z - success: adapters loaded
2025-06-23T00:28:10.594Z - success: asset-db-debugger loaded
2025-06-23T00:28:10.624Z - success: fb-audience-network loaded
2025-06-23T00:28:10.640Z - success: fb-live-stream loaded
2025-06-23T00:28:10.641Z - success: google-play-instant loaded
2025-06-23T00:28:10.641Z - success: jsb-adapter loaded
2025-06-23T00:28:10.643Z - success: package-manager loaded
2025-06-23T00:28:10.643Z - success: runtime-adapters loaded
2025-06-23T00:28:10.645Z - success: runtime-dev-tools loaded
2025-06-23T00:28:10.646Z - success: ui-kit-preview-extra loaded
2025-06-23T00:28:10.647Z - success: ui-kit-preview loaded
2025-06-23T00:28:10.997Z - success: alipay-minigame loaded
2025-06-23T00:28:11.000Z - success: assets loaded
2025-06-23T00:28:11.002Z - success: baidugame-opendata loaded
2025-06-23T00:28:11.003Z - success: baidugame loaded
2025-06-23T00:28:11.004Z - success: builder loaded
2025-06-23T00:28:11.005Z - success: bytedance-opendata loaded
2025-06-23T00:28:11.006Z - success: bytedance loaded
2025-06-23T00:28:11.008Z - success: channel-upload-tools loaded
2025-06-23T00:28:11.073Z - success: cloud-function loaded
2025-06-23T00:28:11.166Z - success: cocos-services loaded
2025-06-23T00:28:11.168Z - success: console loaded
2025-06-23T00:28:11.169Z - success: curve-editor loaded
2025-06-23T00:28:11.174Z - success: fb-instant-games loaded
2025-06-23T00:28:11.176Z - success: game-window loaded
2025-06-23T00:28:11.176Z - success: google-instant-games loaded
2025-06-23T00:28:11.179Z - success: harmonyos-next loaded
2025-06-23T00:28:11.182Z - success: hierarchy loaded
2025-06-23T00:28:11.184Z - success: honor-minigame loaded
2025-06-23T00:28:11.186Z - success: huawei-agc loaded
2025-06-23T00:28:11.187Z - success: huawei-runtime loaded
2025-06-23T00:28:11.189Z - success: inspector loaded
2025-06-23T00:28:11.197Z - success: cpk-publish loaded
2025-06-23T00:28:11.197Z - success: keystore loaded
2025-06-23T00:28:11.205Z - success: link-sure-runtime loaded
2025-06-23T00:28:11.212Z - success: migu-runtime loaded
2025-06-23T00:28:11.218Z - success: node-library loaded
2025-06-23T00:28:11.219Z - success: open-recent-items loaded
2025-06-23T00:28:11.223Z - success: oppo-runtime loaded
2025-06-23T00:28:11.224Z - success: package-asset loaded
2025-06-23T00:28:11.224Z - success: preferences loaded
2025-06-23T00:28:11.227Z - success: project-importer loaded
2025-06-23T00:28:11.228Z - success: project-settings loaded
2025-06-23T00:28:11.239Z - success: qtt-runtime loaded
2025-06-23T00:28:11.241Z - success: scene loaded
2025-06-23T00:28:11.242Z - success: simulator-debugger loaded
2025-06-23T00:28:11.242Z - success: sprite-editor loaded
2025-06-23T00:28:11.268Z - success: store loaded
2025-06-23T00:28:11.269Z - success: taobao-creativeapp loaded
2025-06-23T00:28:11.270Z - success: taobao-minigame loaded
2025-06-23T00:28:11.273Z - success: timeline loaded
2025-06-23T00:28:11.275Z - success: vivo-runtime loaded
2025-06-23T00:28:11.276Z - success: wechatgame-opendata loaded
2025-06-23T00:28:11.278Z - success: wechatgame loaded
2025-06-23T00:28:11.280Z - success: xiaomi-runtime loaded
2025-06-23T00:28:11.312Z - success: im-plugin loaded
2025-06-23T00:28:11.312Z - success: preview server running at http://localhost:7456
2025-06-23T00:28:11.745Z - normal: Initializing Cocos2d
2025-06-23T00:28:11.885Z - normal: Initializing engine extends
2025-06-23T00:28:12.345Z - normal: Loading packages
2025-06-23T00:28:12.346Z - normal: Run Application
2025-06-23T00:28:14.157Z - info: Cocos Service load base data!
2025-06-23T00:28:14.881Z - warn: Please specifiy a default value for "GameController.timeScoreBoardNode" at its declaration:
 
// Before:
@property(...)
myProp;
// After:
@property(...)
myProp = 0;
2025-06-23T00:28:14.881Z - warn: Please specifiy a default value for "GameController.gameOverNode" at its declaration:
 
// Before:
@property(...)
myProp;
// After:
@property(...)
myProp = 0;
2025-06-23T00:28:14.881Z - warn: Please specifiy a default value for "GameOverView.restartButton" at its declaration:
 
// Before:
@property(...)
myProp;
// After:
@property(...)
myProp = 0;
2025-06-23T00:28:14.881Z - warn: Please specifiy a default value for "GameOverView.gameOverView" at its declaration:
 
// Before:
@property(...)
myProp;
// After:
@property(...)
myProp = 0;
2025-06-23T00:28:14.882Z - warn: Please specifiy a default value for "TimerScoreView.timerLabel" at its declaration:
 
// Before:
@property(...)
myProp;
// After:
@property(...)
myProp = 0;
2025-06-23T00:28:14.882Z - warn: Please specifiy a default value for "TimerScoreView.scoreLabel" at its declaration:
 
// Before:
@property(...)
myProp;
// After:
@property(...)
myProp = 0;
2025-06-23T00:28:15.189Z - success: cloud-function unloaded
2025-06-23T00:28:42.603Z - normal: Start building with options : {
  "title": "testGame",
  "packageName": "org.cocos2d.demo",
  "startScene": "21730a77-f721-4377-9ed1-59e65ae6be2e",
  "excludeScenes": [],
  "orientation": {
    "landscapeRight": true,
    "landscapeLeft": true,
    "portrait": false,
    "upsideDown": false
  },
  "webOrientation": "auto",
  "inlineSpriteFrames": true,
  "inlineSpriteFrames_native": true,
  "mainCompressionType": "default",
  "mainIsRemote": false,
  "optimizeHotUpdate": false,
  "md5Cache": true,
  "encryptJs": true,
  "xxteaKey": "d74ff771-a539-47",
  "zipCompressJs": true,
  "fb-instant-games": {},
  "android": {
    "packageName": "org.cocos2d.demo",
    "REMOTE_SERVER_ROOT": ""
  },
  "ios": {
    "packageName": "org.cocos2d.demo",
    "REMOTE_SERVER_ROOT": "",
    "ios_enable_jit": true
  },
  "mac": {
    "packageName": "org.cocos2d.demo",
    "REMOTE_SERVER_ROOT": "",
    "width": 1280,
    "height": 720
  },
  "win32": {
    "REMOTE_SERVER_ROOT": "",
    "width": 1280,
    "height": 720
  },
  "android-instant": {
    "packageName": "org.cocos2d.demo",
    "REMOTE_SERVER_ROOT": "",
    "pathPattern": "",
    "scheme": "https",
    "host": "",
    "skipRecord": false,
    "recordPath": ""
  },
  "harmonyos-next": {
    "packageName": "org.cocos2d.demo",
    "REMOTE_SERVER_ROOT": "",
    "jsEngine": "JSVM"
  },
  "appBundle": false,
  "agreements": {},
  "platform": "web-mobile",
  "actualPlatform": "web-mobile",
  "template": "link",
  "buildPath": "/Users/albertmurzakov/Desktop/cocosgame/testGame/build",
  "debug": false,
  "sourceMaps": false,
  "embedWebDebugger": false,
  "previewWidth": "1280",
  "previewHeight": "720",
  "useDebugKeystore": true,
  "apiLevel": "",
  "appABIs": [],
  "vsVersion": "auto",
  "buildScriptsOnly": false,
  "dest": "/Users/albertmurzakov/Desktop/cocosgame/testGame/build/web-mobile",
  "separateEngineMode": false,
  "scenes": [
    "21730a77-f721-4377-9ed1-59e65ae6be2e"
  ],
  "excludedModules": [
    "3D Physics/Builtin"
  ],
  "project": "/Users/albertmurzakov/Desktop/cocosgame/testGame",
  "projectName": "testGame",
  "debugBuildWorker": false
}
2025-06-23T00:28:42.692Z - normal: Building /Users/albertmurzakov/Desktop/cocosgame/testGame
2025-06-23T00:28:42.692Z - normal: Destination /Users/albertmurzakov/Desktop/cocosgame/testGame/build/web-mobile
2025-06-23T00:28:42.735Z - normal: Start spawn build-worker
2025-06-23T00:28:43.517Z - normal: Finish spawn build-worker
2025-06-23T00:28:43.517Z - normal: Delete /Users/albertmurzakov/Desktop/cocosgame/testGame/build/web-mobile/**/*
2025-06-23T00:28:43.519Z - normal: Building 3D physics modules...
2025-06-23T00:29:03.142Z - normal: Compiling /Users/albertmurzakov/Desktop/cocosgame/testGame
2025-06-23T00:29:03.414Z - normal: Start init build-worker
2025-06-23T00:29:03.994Z - normal: Finish init build-worker
2025-06-23T00:29:03.995Z - normal: Start build-assets in worker
2025-06-23T00:29:03.995Z - normal: 
--- build-asset: {"root":"db://internal/resources","name":"internal","dest":"/Users/albertmurzakov/Desktop/cocosgame/testGame/build/web-mobile/assets/internal","scriptDest":"/Users/albertmurzakov/Desktop/cocosgame/testGame/build/web-mobile/assets/internal","priority":11,"scenes":[],"compressionType":"merge_all_json"}

2025-06-23T00:29:04.038Z - normal: 
--- build-asset: {"root":null,"priority":7,"dest":"/Users/albertmurzakov/Desktop/cocosgame/testGame/build/web-mobile/assets/main","scriptDest":"/Users/albertmurzakov/Desktop/cocosgame/testGame/build/web-mobile/assets/main","name":"main","scenes":["21730a77-f721-4377-9ed1-59e65ae6be2e"],"compressionType":"default","optimizeHotUpdate":false,"inlineSpriteFrames":true,"isRemote":false}

2025-06-23T00:29:04.075Z - normal: Finish build-assets in worker
2025-06-23T00:29:04.078Z - normal: Start building plugin scripts
2025-06-23T00:29:04.083Z - normal: Generating main.js from /Applications/Cocos/Creator/2.4.15/CocosCreator.app/Contents/Resources/static/build-templates/shares/main.js
2025-06-23T00:29:04.085Z - normal: Generating html from /Applications/Cocos/Creator/2.4.15/CocosCreator.app/Contents/Resources/static/build-templates/web-mobile/template/index.html
2025-06-23T00:29:04.126Z - normal: Built to "/Users/albertmurzakov/Desktop/cocosgame/testGame/build/web-mobile" successfully
2025-06-23T09:42:40.755Z - warn: Please specifiy a default value for "GameController.timeScoreBoardNode" at its declaration:
 
// Before:
@property(...)
myProp;
// After:
@property(...)
myProp = 0;
2025-06-23T09:42:40.755Z - warn: Please specifiy a default value for "GameController.gameOverNode" at its declaration:
 
// Before:
@property(...)
myProp;
// After:
@property(...)
myProp = 0;
2025-06-23T09:42:40.756Z - warn: Please specifiy a default value for "GameOverView.restartButton" at its declaration:
 
// Before:
@property(...)
myProp;
// After:
@property(...)
myProp = 0;
2025-06-23T09:42:40.756Z - warn: Please specifiy a default value for "GameOverView.gameOverView" at its declaration:
 
// Before:
@property(...)
myProp;
// After:
@property(...)
myProp = 0;
2025-06-23T09:42:40.757Z - warn: Please specifiy a default value for "TimerScoreView.timerLabel" at its declaration:
 
// Before:
@property(...)
myProp;
// After:
@property(...)
myProp = 0;
2025-06-23T09:42:40.757Z - warn: Please specifiy a default value for "TimerScoreView.scoreLabel" at its declaration:
 
// Before:
@property(...)
myProp;
// After:
@property(...)
myProp = 0;
2025-06-23T09:49:52.371Z - warn: Please specifiy a default value for "GameController.timeScoreBoardNode" at its declaration:
 
// Before:
@property(...)
myProp;
// After:
@property(...)
myProp = 0;
2025-06-23T09:49:52.371Z - warn: Please specifiy a default value for "GameController.gameOverNode" at its declaration:
 
// Before:
@property(...)
myProp;
// After:
@property(...)
myProp = 0;
2025-06-23T09:49:52.372Z - warn: Please specifiy a default value for "GameOverView.restartButton" at its declaration:
 
// Before:
@property(...)
myProp;
// After:
@property(...)
myProp = 0;
2025-06-23T09:49:52.372Z - warn: Please specifiy a default value for "GameOverView.gameOverView" at its declaration:
 
// Before:
@property(...)
myProp;
// After:
@property(...)
myProp = 0;
2025-06-23T09:49:52.375Z - warn: Please specifiy a default value for "TimerScoreView.timerLabel" at its declaration:
 
// Before:
@property(...)
myProp;
// After:
@property(...)
myProp = 0;
2025-06-23T09:49:52.375Z - warn: Please specifiy a default value for "TimerScoreView.scoreLabel" at its declaration:
 
// Before:
@property(...)
myProp;
// After:
@property(...)
myProp = 0;
2025-06-23T09:49:52.632Z - warn: The Asset used is missing. Detailed information:
Missing uuid: "991bb487-1b7f-4170-aea1-006304f9f686"

2025-06-23T09:49:52.634Z - warn: The Asset used is missing. Detailed information:
Missing uuid: "991bb487-1b7f-4170-aea1-006304f9f686"

2025-06-23T09:50:52.737Z - warn: Please specifiy a default value for "GameController.timeScoreBoardNode" at its declaration:
 
// Before:
@property(...)
myProp;
// After:
@property(...)
myProp = 0;
2025-06-23T09:50:52.738Z - warn: Please specifiy a default value for "GameController.gameOverNode" at its declaration:
 
// Before:
@property(...)
myProp;
// After:
@property(...)
myProp = 0;
2025-06-23T09:50:52.738Z - warn: Please specifiy a default value for "GameOverView.restartButton" at its declaration:
 
// Before:
@property(...)
myProp;
// After:
@property(...)
myProp = 0;
2025-06-23T09:50:52.738Z - warn: Please specifiy a default value for "GameOverView.gameOverView" at its declaration:
 
// Before:
@property(...)
myProp;
// After:
@property(...)
myProp = 0;
2025-06-23T09:50:52.739Z - warn: Please specifiy a default value for "TimerScoreView.timerLabel" at its declaration:
 
// Before:
@property(...)
myProp;
// After:
@property(...)
myProp = 0;
2025-06-23T09:50:52.739Z - warn: Please specifiy a default value for "TimerScoreView.scoreLabel" at its declaration:
 
// Before:
@property(...)
myProp;
// After:
@property(...)
myProp = 0;
2025-06-23T09:51:28.023Z - warn: Please specifiy a default value for "GameController.timeScoreBoardNode" at its declaration:
 
// Before:
@property(...)
myProp;
// After:
@property(...)
myProp = 0;
2025-06-23T09:51:28.023Z - warn: Please specifiy a default value for "GameController.gameOverNode" at its declaration:
 
// Before:
@property(...)
myProp;
// After:
@property(...)
myProp = 0;
2025-06-23T09:51:28.023Z - warn: Please specifiy a default value for "GameOverView.restartButton" at its declaration:
 
// Before:
@property(...)
myProp;
// After:
@property(...)
myProp = 0;
2025-06-23T09:51:28.024Z - warn: Please specifiy a default value for "GameOverView.gameOverView" at its declaration:
 
// Before:
@property(...)
myProp;
// After:
@property(...)
myProp = 0;
2025-06-23T09:51:28.024Z - warn: Please specifiy a default value for "TimerScoreView.timerLabel" at its declaration:
 
// Before:
@property(...)
myProp;
// After:
@property(...)
myProp = 0;
2025-06-23T09:51:28.025Z - warn: Please specifiy a default value for "TimerScoreView.scoreLabel" at its declaration:
 
// Before:
@property(...)
myProp;
// After:
@property(...)
myProp = 0;
2025-06-23T09:53:10.833Z - warn: Please specifiy a default value for "GameController.timeScoreBoardNode" at its declaration:
 
// Before:
@property(...)
myProp;
// After:
@property(...)
myProp = 0;
2025-06-23T09:53:10.833Z - warn: Please specifiy a default value for "GameController.gameOverNode" at its declaration:
 
// Before:
@property(...)
myProp;
// After:
@property(...)
myProp = 0;
2025-06-23T09:53:10.833Z - warn: Please specifiy a default value for "GameOverView.restartButton" at its declaration:
 
// Before:
@property(...)
myProp;
// After:
@property(...)
myProp = 0;
2025-06-23T09:53:10.834Z - warn: Please specifiy a default value for "GameOverView.gameOverView" at its declaration:
 
// Before:
@property(...)
myProp;
// After:
@property(...)
myProp = 0;
2025-06-23T09:53:10.834Z - warn: Please specifiy a default value for "TimerScoreView.timerLabel" at its declaration:
 
// Before:
@property(...)
myProp;
// After:
@property(...)
myProp = 0;
2025-06-23T09:53:10.835Z - warn: Please specifiy a default value for "TimerScoreView.scoreLabel" at its declaration:
 
// Before:
@property(...)
myProp;
// After:
@property(...)
myProp = 0;
2025-06-23T09:54:38.899Z - warn: Please specifiy a default value for "GameController.timeScoreBoardNode" at its declaration:
 
// Before:
@property(...)
myProp;
// After:
@property(...)
myProp = 0;
2025-06-23T09:54:38.899Z - warn: Please specifiy a default value for "GameController.gameOverNode" at its declaration:
 
// Before:
@property(...)
myProp;
// After:
@property(...)
myProp = 0;
2025-06-23T09:54:38.899Z - warn: Please specifiy a default value for "GameOverView.restartButton" at its declaration:
 
// Before:
@property(...)
myProp;
// After:
@property(...)
myProp = 0;
2025-06-23T09:54:38.899Z - warn: Please specifiy a default value for "GameOverView.gameOverView" at its declaration:
 
// Before:
@property(...)
myProp;
// After:
@property(...)
myProp = 0;
2025-06-23T09:54:38.900Z - warn: Please specifiy a default value for "TimerScoreView.timerLabel" at its declaration:
 
// Before:
@property(...)
myProp;
// After:
@property(...)
myProp = 0;
2025-06-23T09:54:38.900Z - warn: Please specifiy a default value for "TimerScoreView.scoreLabel" at its declaration:
 
// Before:
@property(...)
myProp;
// After:
@property(...)
myProp = 0;
2025-06-23T09:57:16.206Z - warn: Please specifiy a default value for "GameController.timeScoreBoardNode" at its declaration:
 
// Before:
@property(...)
myProp;
// After:
@property(...)
myProp = 0;
2025-06-23T09:57:16.207Z - warn: Please specifiy a default value for "GameController.gameOverNode" at its declaration:
 
// Before:
@property(...)
myProp;
// After:
@property(...)
myProp = 0;
2025-06-23T09:57:16.207Z - warn: Please specifiy a default value for "GameOverView.restartButton" at its declaration:
 
// Before:
@property(...)
myProp;
// After:
@property(...)
myProp = 0;
2025-06-23T09:57:16.207Z - warn: Please specifiy a default value for "GameOverView.gameOverView" at its declaration:
 
// Before:
@property(...)
myProp;
// After:
@property(...)
myProp = 0;
2025-06-23T09:57:16.207Z - warn: Please specifiy a default value for "TimerScoreView.timerLabel" at its declaration:
 
// Before:
@property(...)
myProp;
// After:
@property(...)
myProp = 0;
2025-06-23T09:57:16.208Z - warn: Please specifiy a default value for "TimerScoreView.scoreLabel" at its declaration:
 
// Before:
@property(...)
myProp;
// After:
@property(...)
myProp = 0;
2025-06-23T10:00:21.228Z - warn: Please specifiy a default value for "GameController.timeScoreBoardNode" at its declaration:
 
// Before:
@property(...)
myProp;
// After:
@property(...)
myProp = 0;
2025-06-23T10:00:21.228Z - warn: Please specifiy a default value for "GameController.gameOverNode" at its declaration:
 
// Before:
@property(...)
myProp;
// After:
@property(...)
myProp = 0;
2025-06-23T10:00:21.228Z - warn: Please specifiy a default value for "GameOverView.restartButton" at its declaration:
 
// Before:
@property(...)
myProp;
// After:
@property(...)
myProp = 0;
2025-06-23T10:00:21.228Z - warn: Please specifiy a default value for "GameOverView.gameOverView" at its declaration:
 
// Before:
@property(...)
myProp;
// After:
@property(...)
myProp = 0;
2025-06-23T10:00:21.229Z - warn: Please specifiy a default value for "TimerScoreView.timerLabel" at its declaration:
 
// Before:
@property(...)
myProp;
// After:
@property(...)
myProp = 0;
2025-06-23T10:00:21.229Z - warn: Please specifiy a default value for "TimerScoreView.scoreLabel" at its declaration:
 
// Before:
@property(...)
myProp;
// After:
@property(...)
myProp = 0;
2025-06-23T10:02:33.676Z - warn: Please specifiy a default value for "GameController.timeScoreBoardNode" at its declaration:
 
// Before:
@property(...)
myProp;
// After:
@property(...)
myProp = 0;
2025-06-23T10:02:33.677Z - warn: Please specifiy a default value for "GameController.gameOverNode" at its declaration:
 
// Before:
@property(...)
myProp;
// After:
@property(...)
myProp = 0;
2025-06-23T10:02:33.677Z - warn: Please specifiy a default value for "GameOverView.restartButton" at its declaration:
 
// Before:
@property(...)
myProp;
// After:
@property(...)
myProp = 0;
2025-06-23T10:02:33.677Z - warn: Please specifiy a default value for "GameOverView.gameOverView" at its declaration:
 
// Before:
@property(...)
myProp;
// After:
@property(...)
myProp = 0;
2025-06-23T10:02:33.678Z - warn: Please specifiy a default value for "TimerScoreView.timerLabel" at its declaration:
 
// Before:
@property(...)
myProp;
// After:
@property(...)
myProp = 0;
2025-06-23T10:02:33.678Z - warn: Please specifiy a default value for "TimerScoreView.scoreLabel" at its declaration:
 
// Before:
@property(...)
myProp;
// After:
@property(...)
myProp = 0;
2025-06-23T10:12:12.735Z - warn: Please specifiy a default value for "GameController.timeScoreBoardNode" at its declaration:
 
// Before:
@property(...)
myProp;
// After:
@property(...)
myProp = 0;
2025-06-23T10:12:12.735Z - warn: Please specifiy a default value for "GameController.gameOverNode" at its declaration:
 
// Before:
@property(...)
myProp;
// After:
@property(...)
myProp = 0;
2025-06-23T10:12:12.736Z - warn: Please specifiy a default value for "GameOverView.restartButton" at its declaration:
 
// Before:
@property(...)
myProp;
// After:
@property(...)
myProp = 0;
2025-06-23T10:12:12.736Z - warn: Please specifiy a default value for "GameOverView.gameOverView" at its declaration:
 
// Before:
@property(...)
myProp;
// After:
@property(...)
myProp = 0;
2025-06-23T10:12:12.737Z - warn: Please specifiy a default value for "TimerScoreView.timerLabel" at its declaration:
 
// Before:
@property(...)
myProp;
// After:
@property(...)
myProp = 0;
2025-06-23T10:12:12.737Z - warn: Please specifiy a default value for "TimerScoreView.scoreLabel" at its declaration:
 
// Before:
@property(...)
myProp;
// After:
@property(...)
myProp = 0;
2025-06-23T10:13:02.311Z - warn: Please specifiy a default value for "GameController.timeScoreBoardNode" at its declaration:
 
// Before:
@property(...)
myProp;
// After:
@property(...)
myProp = 0;
2025-06-23T10:13:02.312Z - warn: Please specifiy a default value for "GameController.gameOverNode" at its declaration:
 
// Before:
@property(...)
myProp;
// After:
@property(...)
myProp = 0;
2025-06-23T10:13:02.312Z - warn: Please specifiy a default value for "GameOverView.restartButton" at its declaration:
 
// Before:
@property(...)
myProp;
// After:
@property(...)
myProp = 0;
2025-06-23T10:13:02.312Z - warn: Please specifiy a default value for "GameOverView.gameOverView" at its declaration:
 
// Before:
@property(...)
myProp;
// After:
@property(...)
myProp = 0;
2025-06-23T10:13:02.312Z - warn: Please specifiy a default value for "TimerScoreView.timerLabel" at its declaration:
 
// Before:
@property(...)
myProp;
// After:
@property(...)
myProp = 0;
2025-06-23T10:13:02.312Z - warn: Please specifiy a default value for "TimerScoreView.scoreLabel" at its declaration:
 
// Before:
@property(...)
myProp;
// After:
@property(...)
myProp = 0;
2025-06-23T10:14:20.512Z - warn: Please specifiy a default value for "GameController.timeScoreBoardNode" at its declaration:
 
// Before:
@property(...)
myProp;
// After:
@property(...)
myProp = 0;
2025-06-23T10:14:20.513Z - warn: Please specifiy a default value for "GameController.gameOverNode" at its declaration:
 
// Before:
@property(...)
myProp;
// After:
@property(...)
myProp = 0;
2025-06-23T10:14:20.513Z - warn: Please specifiy a default value for "GameOverView.restartButton" at its declaration:
 
// Before:
@property(...)
myProp;
// After:
@property(...)
myProp = 0;
2025-06-23T10:14:20.513Z - warn: Please specifiy a default value for "GameOverView.gameOverView" at its declaration:
 
// Before:
@property(...)
myProp;
// After:
@property(...)
myProp = 0;
2025-06-23T10:14:20.513Z - warn: Please specifiy a default value for "TimerScoreView.timerLabel" at its declaration:
 
// Before:
@property(...)
myProp;
// After:
@property(...)
myProp = 0;
2025-06-23T10:14:20.513Z - warn: Please specifiy a default value for "TimerScoreView.scoreLabel" at its declaration:
 
// Before:
@property(...)
myProp;
// After:
@property(...)
myProp = 0;
2025-06-23T10:14:56.385Z - warn: Please specifiy a default value for "GameController.timeScoreBoardNode" at its declaration:
 
// Before:
@property(...)
myProp;
// After:
@property(...)
myProp = 0;
2025-06-23T10:14:56.386Z - warn: Please specifiy a default value for "GameController.gameOverNode" at its declaration:
 
// Before:
@property(...)
myProp;
// After:
@property(...)
myProp = 0;
2025-06-23T10:14:56.387Z - warn: Please specifiy a default value for "GameOverView.restartButton" at its declaration:
 
// Before:
@property(...)
myProp;
// After:
@property(...)
myProp = 0;
2025-06-23T10:14:56.387Z - warn: Please specifiy a default value for "GameOverView.gameOverView" at its declaration:
 
// Before:
@property(...)
myProp;
// After:
@property(...)
myProp = 0;
2025-06-23T10:14:56.387Z - warn: Please specifiy a default value for "TimerScoreView.timerLabel" at its declaration:
 
// Before:
@property(...)
myProp;
// After:
@property(...)
myProp = 0;
2025-06-23T10:14:56.387Z - warn: Please specifiy a default value for "TimerScoreView.scoreLabel" at its declaration:
 
// Before:
@property(...)
myProp;
// After:
@property(...)
myProp = 0;
2025-06-23T10:15:09.683Z - warn: Please specifiy a default value for "GameController.timeScoreBoardNode" at its declaration:
 
// Before:
@property(...)
myProp;
// After:
@property(...)
myProp = 0;
2025-06-23T10:15:09.685Z - warn: Please specifiy a default value for "GameController.gameOverNode" at its declaration:
 
// Before:
@property(...)
myProp;
// After:
@property(...)
myProp = 0;
2025-06-23T10:15:09.685Z - warn: Please specifiy a default value for "GameOverView.restartButton" at its declaration:
 
// Before:
@property(...)
myProp;
// After:
@property(...)
myProp = 0;
2025-06-23T10:15:09.685Z - warn: Please specifiy a default value for "GameOverView.gameOverView" at its declaration:
 
// Before:
@property(...)
myProp;
// After:
@property(...)
myProp = 0;
2025-06-23T10:15:09.685Z - warn: Please specifiy a default value for "TimerScoreView.timerLabel" at its declaration:
 
// Before:
@property(...)
myProp;
// After:
@property(...)
myProp = 0;
2025-06-23T10:15:09.685Z - warn: Please specifiy a default value for "TimerScoreView.scoreLabel" at its declaration:
 
// Before:
@property(...)
myProp;
// After:
@property(...)
myProp = 0;
2025-06-23T10:16:38.902Z - warn: Please specifiy a default value for "GameController.timeScoreBoardNode" at its declaration:
 
// Before:
@property(...)
myProp;
// After:
@property(...)
myProp = 0;
2025-06-23T10:16:38.902Z - warn: Please specifiy a default value for "GameController.gameOverNode" at its declaration:
 
// Before:
@property(...)
myProp;
// After:
@property(...)
myProp = 0;
2025-06-23T10:16:38.902Z - warn: Please specifiy a default value for "GameOverView.restartButton" at its declaration:
 
// Before:
@property(...)
myProp;
// After:
@property(...)
myProp = 0;
2025-06-23T10:16:38.902Z - warn: Please specifiy a default value for "GameOverView.gameOverView" at its declaration:
 
// Before:
@property(...)
myProp;
// After:
@property(...)
myProp = 0;
2025-06-23T10:16:38.902Z - warn: Please specifiy a default value for "TimerScoreView.timerLabel" at its declaration:
 
// Before:
@property(...)
myProp;
// After:
@property(...)
myProp = 0;
2025-06-23T10:16:38.903Z - warn: Please specifiy a default value for "TimerScoreView.scoreLabel" at its declaration:
 
// Before:
@property(...)
myProp;
// After:
@property(...)
myProp = 0;
2025-06-23T10:16:48.313Z - warn: Please specifiy a default value for "GameController.timeScoreBoardNode" at its declaration:
 
// Before:
@property(...)
myProp;
// After:
@property(...)
myProp = 0;
2025-06-23T10:16:48.313Z - warn: Please specifiy a default value for "GameController.gameOverNode" at its declaration:
 
// Before:
@property(...)
myProp;
// After:
@property(...)
myProp = 0;
2025-06-23T10:16:48.314Z - warn: Please specifiy a default value for "GameOverView.restartButton" at its declaration:
 
// Before:
@property(...)
myProp;
// After:
@property(...)
myProp = 0;
2025-06-23T10:16:48.314Z - warn: Please specifiy a default value for "GameOverView.gameOverView" at its declaration:
 
// Before:
@property(...)
myProp;
// After:
@property(...)
myProp = 0;
2025-06-23T10:16:48.314Z - warn: Please specifiy a default value for "TimerScoreView.timerLabel" at its declaration:
 
// Before:
@property(...)
myProp;
// After:
@property(...)
myProp = 0;
2025-06-23T10:16:48.314Z - warn: Please specifiy a default value for "TimerScoreView.scoreLabel" at its declaration:
 
// Before:
@property(...)
myProp;
// After:
@property(...)
myProp = 0;
2025-06-23T10:20:38.672Z - warn: Please specifiy a default value for "GameController.timeScoreBoardNode" at its declaration:
 
// Before:
@property(...)
myProp;
// After:
@property(...)
myProp = 0;
2025-06-23T10:20:38.672Z - warn: Please specifiy a default value for "GameController.gameOverNode" at its declaration:
 
// Before:
@property(...)
myProp;
// After:
@property(...)
myProp = 0;
2025-06-23T10:20:38.672Z - warn: Please specifiy a default value for "GameOverView.restartButton" at its declaration:
 
// Before:
@property(...)
myProp;
// After:
@property(...)
myProp = 0;
2025-06-23T10:20:38.672Z - warn: Please specifiy a default value for "GameOverView.gameOverView" at its declaration:
 
// Before:
@property(...)
myProp;
// After:
@property(...)
myProp = 0;
2025-06-23T10:20:38.673Z - warn: Please specifiy a default value for "TimerScoreView.timerLabel" at its declaration:
 
// Before:
@property(...)
myProp;
// After:
@property(...)
myProp = 0;
2025-06-23T10:20:38.673Z - warn: Please specifiy a default value for "TimerScoreView.scoreLabel" at its declaration:
 
// Before:
@property(...)
myProp;
// After:
@property(...)
myProp = 0;
2025-06-23T10:20:54.038Z - warn: Please specifiy a default value for "GameController.timeScoreBoardNode" at its declaration:
 
// Before:
@property(...)
myProp;
// After:
@property(...)
myProp = 0;
2025-06-23T10:20:54.038Z - warn: Please specifiy a default value for "GameController.gameOverNode" at its declaration:
 
// Before:
@property(...)
myProp;
// After:
@property(...)
myProp = 0;
2025-06-23T10:20:54.038Z - warn: Please specifiy a default value for "GameOverView.restartButton" at its declaration:
 
// Before:
@property(...)
myProp;
// After:
@property(...)
myProp = 0;
2025-06-23T10:20:54.038Z - warn: Please specifiy a default value for "GameOverView.gameOverView" at its declaration:
 
// Before:
@property(...)
myProp;
// After:
@property(...)
myProp = 0;
2025-06-23T10:20:54.039Z - warn: Please specifiy a default value for "TimerScoreView.timerLabel" at its declaration:
 
// Before:
@property(...)
myProp;
// After:
@property(...)
myProp = 0;
2025-06-23T10:20:54.039Z - warn: Please specifiy a default value for "TimerScoreView.scoreLabel" at its declaration:
 
// Before:
@property(...)
myProp;
// After:
@property(...)
myProp = 0;
2025-06-23T10:35:01.770Z - warn: Please specifiy a default value for "GameController.timeScoreBoardNode" at its declaration:
 
// Before:
@property(...)
myProp;
// After:
@property(...)
myProp = 0;
2025-06-23T10:35:01.771Z - warn: Please specifiy a default value for "GameController.gameOverNode" at its declaration:
 
// Before:
@property(...)
myProp;
// After:
@property(...)
myProp = 0;
2025-06-23T10:35:01.771Z - warn: Please specifiy a default value for "GameOverView.restartButton" at its declaration:
 
// Before:
@property(...)
myProp;
// After:
@property(...)
myProp = 0;
2025-06-23T10:35:01.771Z - warn: Please specifiy a default value for "GameOverView.gameOverView" at its declaration:
 
// Before:
@property(...)
myProp;
// After:
@property(...)
myProp = 0;
2025-06-23T10:35:01.773Z - warn: Please specifiy a default value for "TimerScoreView.timerLabel" at its declaration:
 
// Before:
@property(...)
myProp;
// After:
@property(...)
myProp = 0;
2025-06-23T10:35:01.773Z - warn: Please specifiy a default value for "TimerScoreView.scoreLabel" at its declaration:
 
// Before:
@property(...)
myProp;
// After:
@property(...)
myProp = 0;
2025-06-23T10:36:06.468Z - warn: Please specifiy a default value for "GameController.timeScoreBoardNode" at its declaration:
 
// Before:
@property(...)
myProp;
// After:
@property(...)
myProp = 0;
2025-06-23T10:36:06.469Z - warn: Please specifiy a default value for "GameController.gameOverNode" at its declaration:
 
// Before:
@property(...)
myProp;
// After:
@property(...)
myProp = 0;
2025-06-23T10:36:06.469Z - warn: Please specifiy a default value for "GameOverView.restartButton" at its declaration:
 
// Before:
@property(...)
myProp;
// After:
@property(...)
myProp = 0;
2025-06-23T10:36:06.469Z - warn: Please specifiy a default value for "GameOverView.gameOverView" at its declaration:
 
// Before:
@property(...)
myProp;
// After:
@property(...)
myProp = 0;
2025-06-23T10:36:06.470Z - warn: Please specifiy a default value for "TimerScoreView.timerLabel" at its declaration:
 
// Before:
@property(...)
myProp;
// After:
@property(...)
myProp = 0;
2025-06-23T10:36:06.470Z - warn: Please specifiy a default value for "TimerScoreView.scoreLabel" at its declaration:
 
// Before:
@property(...)
myProp;
// After:
@property(...)
myProp = 0;
2025-06-23T10:37:53.003Z - warn: Please specifiy a default value for "GameController.timeScoreBoardNode" at its declaration:
 
// Before:
@property(...)
myProp;
// After:
@property(...)
myProp = 0;
2025-06-23T10:37:53.004Z - warn: Please specifiy a default value for "GameController.gameOverNode" at its declaration:
 
// Before:
@property(...)
myProp;
// After:
@property(...)
myProp = 0;
2025-06-23T10:37:53.004Z - warn: Please specifiy a default value for "GameOverView.restartButton" at its declaration:
 
// Before:
@property(...)
myProp;
// After:
@property(...)
myProp = 0;
2025-06-23T10:37:53.004Z - warn: Please specifiy a default value for "GameOverView.gameOverView" at its declaration:
 
// Before:
@property(...)
myProp;
// After:
@property(...)
myProp = 0;
2025-06-23T10:37:53.005Z - warn: Please specifiy a default value for "TimerScoreView.timerLabel" at its declaration:
 
// Before:
@property(...)
myProp;
// After:
@property(...)
myProp = 0;
2025-06-23T10:37:53.005Z - warn: Please specifiy a default value for "TimerScoreView.scoreLabel" at its declaration:
 
// Before:
@property(...)
myProp;
// After:
@property(...)
myProp = 0;
2025-06-23T10:39:05.292Z - warn: Please specifiy a default value for "GameController.timeScoreBoardNode" at its declaration:
 
// Before:
@property(...)
myProp;
// After:
@property(...)
myProp = 0;
2025-06-23T10:39:05.292Z - warn: Please specifiy a default value for "GameController.gameOverNode" at its declaration:
 
// Before:
@property(...)
myProp;
// After:
@property(...)
myProp = 0;
2025-06-23T10:39:05.292Z - warn: Please specifiy a default value for "GameOverView.restartButton" at its declaration:
 
// Before:
@property(...)
myProp;
// After:
@property(...)
myProp = 0;
2025-06-23T10:39:05.292Z - warn: Please specifiy a default value for "GameOverView.gameOverView" at its declaration:
 
// Before:
@property(...)
myProp;
// After:
@property(...)
myProp = 0;
2025-06-23T10:39:05.293Z - warn: Please specifiy a default value for "TimerScoreView.timerLabel" at its declaration:
 
// Before:
@property(...)
myProp;
// After:
@property(...)
myProp = 0;
2025-06-23T10:39:05.293Z - warn: Please specifiy a default value for "TimerScoreView.scoreLabel" at its declaration:
 
// Before:
@property(...)
myProp;
// After:
@property(...)
myProp = 0;
2025-06-23T10:40:04.521Z - warn: Please specifiy a default value for "GameController.timeScoreBoardNode" at its declaration:
 
// Before:
@property(...)
myProp;
// After:
@property(...)
myProp = 0;
2025-06-23T10:40:04.521Z - warn: Please specifiy a default value for "GameController.gameOverNode" at its declaration:
 
// Before:
@property(...)
myProp;
// After:
@property(...)
myProp = 0;
2025-06-23T10:40:04.521Z - warn: Please specifiy a default value for "GameOverView.restartButton" at its declaration:
 
// Before:
@property(...)
myProp;
// After:
@property(...)
myProp = 0;
2025-06-23T10:40:04.522Z - warn: Please specifiy a default value for "GameOverView.gameOverView" at its declaration:
 
// Before:
@property(...)
myProp;
// After:
@property(...)
myProp = 0;
2025-06-23T10:40:04.522Z - warn: Please specifiy a default value for "TimerScoreView.timerLabel" at its declaration:
 
// Before:
@property(...)
myProp;
// After:
@property(...)
myProp = 0;
2025-06-23T10:40:04.523Z - warn: Please specifiy a default value for "TimerScoreView.scoreLabel" at its declaration:
 
// Before:
@property(...)
myProp;
// After:
@property(...)
myProp = 0;
2025-06-23T10:40:36.881Z - warn: Please specifiy a default value for "GameController.timeScoreBoardNode" at its declaration:
 
// Before:
@property(...)
myProp;
// After:
@property(...)
myProp = 0;
2025-06-23T10:40:36.882Z - warn: Please specifiy a default value for "GameController.gameOverNode" at its declaration:
 
// Before:
@property(...)
myProp;
// After:
@property(...)
myProp = 0;
2025-06-23T10:40:36.882Z - warn: Please specifiy a default value for "GameOverView.restartButton" at its declaration:
 
// Before:
@property(...)
myProp;
// After:
@property(...)
myProp = 0;
2025-06-23T10:40:36.882Z - warn: Please specifiy a default value for "GameOverView.gameOverView" at its declaration:
 
// Before:
@property(...)
myProp;
// After:
@property(...)
myProp = 0;
2025-06-23T10:40:36.882Z - warn: Please specifiy a default value for "TimerScoreView.timerLabel" at its declaration:
 
// Before:
@property(...)
myProp;
// After:
@property(...)
myProp = 0;
2025-06-23T10:40:36.882Z - warn: Please specifiy a default value for "TimerScoreView.scoreLabel" at its declaration:
 
// Before:
@property(...)
myProp;
// After:
@property(...)
myProp = 0;
2025-06-23T10:40:53.110Z - warn: Please specifiy a default value for "GameController.timeScoreBoardNode" at its declaration:
 
// Before:
@property(...)
myProp;
// After:
@property(...)
myProp = 0;
2025-06-23T10:40:53.110Z - warn: Please specifiy a default value for "GameController.gameOverNode" at its declaration:
 
// Before:
@property(...)
myProp;
// After:
@property(...)
myProp = 0;
2025-06-23T10:40:53.110Z - warn: Please specifiy a default value for "GameOverView.restartButton" at its declaration:
 
// Before:
@property(...)
myProp;
// After:
@property(...)
myProp = 0;
2025-06-23T10:40:53.111Z - warn: Please specifiy a default value for "GameOverView.gameOverView" at its declaration:
 
// Before:
@property(...)
myProp;
// After:
@property(...)
myProp = 0;
2025-06-23T10:40:53.111Z - warn: Please specifiy a default value for "TimerScoreView.timerLabel" at its declaration:
 
// Before:
@property(...)
myProp;
// After:
@property(...)
myProp = 0;
2025-06-23T10:40:53.111Z - warn: Please specifiy a default value for "TimerScoreView.scoreLabel" at its declaration:
 
// Before:
@property(...)
myProp;
// After:
@property(...)
myProp = 0;
2025-06-23T10:47:06.359Z - warn: Please specifiy a default value for "GameController.timeScoreBoardNode" at its declaration:
 
// Before:
@property(...)
myProp;
// After:
@property(...)
myProp = 0;
2025-06-23T10:47:06.359Z - warn: Please specifiy a default value for "GameController.gameOverNode" at its declaration:
 
// Before:
@property(...)
myProp;
// After:
@property(...)
myProp = 0;
2025-06-23T10:47:06.360Z - warn: Please specifiy a default value for "GameOverView.restartButton" at its declaration:
 
// Before:
@property(...)
myProp;
// After:
@property(...)
myProp = 0;
2025-06-23T10:47:06.360Z - warn: Please specifiy a default value for "GameOverView.gameOverView" at its declaration:
 
// Before:
@property(...)
myProp;
// After:
@property(...)
myProp = 0;
2025-06-23T10:47:06.360Z - warn: Please specifiy a default value for "TimerScoreView.timerLabel" at its declaration:
 
// Before:
@property(...)
myProp;
// After:
@property(...)
myProp = 0;
2025-06-23T10:47:06.361Z - warn: Please specifiy a default value for "TimerScoreView.scoreLabel" at its declaration:
 
// Before:
@property(...)
myProp;
// After:
@property(...)
myProp = 0;
2025-06-23T10:52:06.774Z - warn: Please specifiy a default value for "GameController.timeScoreBoardNode" at its declaration:
 
// Before:
@property(...)
myProp;
// After:
@property(...)
myProp = 0;
2025-06-23T10:52:06.774Z - warn: Please specifiy a default value for "GameController.gameOverNode" at its declaration:
 
// Before:
@property(...)
myProp;
// After:
@property(...)
myProp = 0;
2025-06-23T10:52:06.774Z - warn: Please specifiy a default value for "GameOverView.restartButton" at its declaration:
 
// Before:
@property(...)
myProp;
// After:
@property(...)
myProp = 0;
2025-06-23T10:52:06.774Z - warn: Please specifiy a default value for "GameOverView.gameOverView" at its declaration:
 
// Before:
@property(...)
myProp;
// After:
@property(...)
myProp = 0;
2025-06-23T10:52:06.775Z - warn: Please specifiy a default value for "TimerScoreView.timerLabel" at its declaration:
 
// Before:
@property(...)
myProp;
// After:
@property(...)
myProp = 0;
2025-06-23T10:52:06.775Z - warn: Please specifiy a default value for "TimerScoreView.scoreLabel" at its declaration:
 
// Before:
@property(...)
myProp;
// After:
@property(...)
myProp = 0;
2025-06-23T10:53:00.811Z - warn: Please specifiy a default value for "GameController.timeScoreBoardNode" at its declaration:
 
// Before:
@property(...)
myProp;
// After:
@property(...)
myProp = 0;
2025-06-23T10:53:00.812Z - warn: Please specifiy a default value for "GameController.gameOverNode" at its declaration:
 
// Before:
@property(...)
myProp;
// After:
@property(...)
myProp = 0;
2025-06-23T10:53:00.812Z - warn: Please specifiy a default value for "GameOverView.restartButton" at its declaration:
 
// Before:
@property(...)
myProp;
// After:
@property(...)
myProp = 0;
2025-06-23T10:53:00.812Z - warn: Please specifiy a default value for "GameOverView.gameOverView" at its declaration:
 
// Before:
@property(...)
myProp;
// After:
@property(...)
myProp = 0;
2025-06-23T10:53:00.813Z - warn: Please specifiy a default value for "TimerScoreView.timerLabel" at its declaration:
 
// Before:
@property(...)
myProp;
// After:
@property(...)
myProp = 0;
2025-06-23T10:53:00.813Z - warn: Please specifiy a default value for "TimerScoreView.scoreLabel" at its declaration:
 
// Before:
@property(...)
myProp;
// After:
@property(...)
myProp = 0;
2025-06-23T10:53:12.994Z - warn: Please specifiy a default value for "GameController.timeScoreBoardNode" at its declaration:
 
// Before:
@property(...)
myProp;
// After:
@property(...)
myProp = 0;
2025-06-23T10:53:12.995Z - warn: Please specifiy a default value for "GameController.gameOverNode" at its declaration:
 
// Before:
@property(...)
myProp;
// After:
@property(...)
myProp = 0;
2025-06-23T10:53:12.995Z - warn: Please specifiy a default value for "GameOverView.restartButton" at its declaration:
 
// Before:
@property(...)
myProp;
// After:
@property(...)
myProp = 0;
2025-06-23T10:53:12.995Z - warn: Please specifiy a default value for "GameOverView.gameOverView" at its declaration:
 
// Before:
@property(...)
myProp;
// After:
@property(...)
myProp = 0;
2025-06-23T10:53:12.996Z - warn: Please specifiy a default value for "TimerScoreView.timerLabel" at its declaration:
 
// Before:
@property(...)
myProp;
// After:
@property(...)
myProp = 0;
2025-06-23T10:53:12.996Z - warn: Please specifiy a default value for "TimerScoreView.scoreLabel" at its declaration:
 
// Before:
@property(...)
myProp;
// After:
@property(...)
myProp = 0;
2025-06-23T10:53:47.638Z - warn: Please specifiy a default value for "GameController.timeScoreBoardNode" at its declaration:
 
// Before:
@property(...)
myProp;
// After:
@property(...)
myProp = 0;
2025-06-23T10:53:47.638Z - warn: Please specifiy a default value for "GameController.gameOverNode" at its declaration:
 
// Before:
@property(...)
myProp;
// After:
@property(...)
myProp = 0;
2025-06-23T10:53:47.639Z - warn: Please specifiy a default value for "GameOverView.restartButton" at its declaration:
 
// Before:
@property(...)
myProp;
// After:
@property(...)
myProp = 0;
2025-06-23T10:53:47.639Z - warn: Please specifiy a default value for "GameOverView.gameOverView" at its declaration:
 
// Before:
@property(...)
myProp;
// After:
@property(...)
myProp = 0;
2025-06-23T10:53:47.639Z - warn: Please specifiy a default value for "TimerScoreView.timerLabel" at its declaration:
 
// Before:
@property(...)
myProp;
// After:
@property(...)
myProp = 0;
2025-06-23T10:53:47.639Z - warn: Please specifiy a default value for "TimerScoreView.scoreLabel" at its declaration:
 
// Before:
@property(...)
myProp;
// After:
@property(...)
myProp = 0;
2025-06-23T10:59:37.644Z - warn: Please specifiy a default value for "GameController.timeScoreBoardNode" at its declaration:
 
// Before:
@property(...)
myProp;
// After:
@property(...)
myProp = 0;
2025-06-23T10:59:37.646Z - warn: Please specifiy a default value for "GameController.gameOverNode" at its declaration:
 
// Before:
@property(...)
myProp;
// After:
@property(...)
myProp = 0;
2025-06-23T10:59:37.646Z - warn: Please specifiy a default value for "GameOverView.restartButton" at its declaration:
 
// Before:
@property(...)
myProp;
// After:
@property(...)
myProp = 0;
2025-06-23T10:59:37.646Z - warn: Please specifiy a default value for "GameOverView.gameOverView" at its declaration:
 
// Before:
@property(...)
myProp;
// After:
@property(...)
myProp = 0;
2025-06-23T10:59:37.646Z - warn: Please specifiy a default value for "TimerScoreView.timerLabel" at its declaration:
 
// Before:
@property(...)
myProp;
// After:
@property(...)
myProp = 0;
2025-06-23T10:59:37.646Z - warn: Please specifiy a default value for "TimerScoreView.scoreLabel" at its declaration:
 
// Before:
@property(...)
myProp;
// After:
@property(...)
myProp = 0;
2025-06-23T11:02:20.691Z - warn: Please specifiy a default value for "GameController.timeScoreBoardNode" at its declaration:
 
// Before:
@property(...)
myProp;
// After:
@property(...)
myProp = 0;
2025-06-23T11:02:20.691Z - warn: Please specifiy a default value for "GameController.gameOverNode" at its declaration:
 
// Before:
@property(...)
myProp;
// After:
@property(...)
myProp = 0;
2025-06-23T11:02:20.691Z - warn: Please specifiy a default value for "GameOverView.restartButton" at its declaration:
 
// Before:
@property(...)
myProp;
// After:
@property(...)
myProp = 0;
2025-06-23T11:02:20.691Z - warn: Please specifiy a default value for "GameOverView.gameOverView" at its declaration:
 
// Before:
@property(...)
myProp;
// After:
@property(...)
myProp = 0;
2025-06-23T11:02:20.692Z - warn: Please specifiy a default value for "TimerScoreView.timerLabel" at its declaration:
 
// Before:
@property(...)
myProp;
// After:
@property(...)
myProp = 0;
2025-06-23T11:02:20.692Z - warn: Please specifiy a default value for "TimerScoreView.scoreLabel" at its declaration:
 
// Before:
@property(...)
myProp;
// After:
@property(...)
myProp = 0;
2025-06-23T11:37:42.260Z - warn: Please specifiy a default value for "GameController.timeScoreBoardNode" at its declaration:
 
// Before:
@property(...)
myProp;
// After:
@property(...)
myProp = 0;
2025-06-23T11:37:42.261Z - warn: Please specifiy a default value for "GameController.gameOverNode" at its declaration:
 
// Before:
@property(...)
myProp;
// After:
@property(...)
myProp = 0;
2025-06-23T11:37:42.261Z - warn: Please specifiy a default value for "GameOverView.restartButton" at its declaration:
 
// Before:
@property(...)
myProp;
// After:
@property(...)
myProp = 0;
2025-06-23T11:37:42.261Z - warn: Please specifiy a default value for "GameOverView.gameOverView" at its declaration:
 
// Before:
@property(...)
myProp;
// After:
@property(...)
myProp = 0;
2025-06-23T11:37:42.262Z - warn: Please specifiy a default value for "TimerScoreView.timerLabel" at its declaration:
 
// Before:
@property(...)
myProp;
// After:
@property(...)
myProp = 0;
2025-06-23T11:37:42.263Z - warn: Please specifiy a default value for "TimerScoreView.scoreLabel" at its declaration:
 
// Before:
@property(...)
myProp;
// After:
@property(...)
myProp = 0;
2025-06-23T11:46:13.774Z - warn: Please specifiy a default value for "GameController.timeScoreBoardNode" at its declaration:
 
// Before:
@property(...)
myProp;
// After:
@property(...)
myProp = 0;
2025-06-23T11:46:13.775Z - warn: Please specifiy a default value for "GameController.gameOverNode" at its declaration:
 
// Before:
@property(...)
myProp;
// After:
@property(...)
myProp = 0;
2025-06-23T11:46:13.775Z - warn: Please specifiy a default value for "GameOverView.restartButton" at its declaration:
 
// Before:
@property(...)
myProp;
// After:
@property(...)
myProp = 0;
2025-06-23T11:46:13.776Z - warn: Please specifiy a default value for "GameOverView.gameOverView" at its declaration:
 
// Before:
@property(...)
myProp;
// After:
@property(...)
myProp = 0;
2025-06-23T11:46:13.777Z - warn: Please specifiy a default value for "TimerScoreView.timerLabel" at its declaration:
 
// Before:
@property(...)
myProp;
// After:
@property(...)
myProp = 0;
2025-06-23T11:46:13.777Z - warn: Please specifiy a default value for "TimerScoreView.scoreLabel" at its declaration:
 
// Before:
@property(...)
myProp;
// After:
@property(...)
myProp = 0;
2025-06-23T11:46:42.395Z - warn: Please specifiy a default value for "GameController.timeScoreBoardNode" at its declaration:
 
// Before:
@property(...)
myProp;
// After:
@property(...)
myProp = 0;
2025-06-23T11:46:42.396Z - warn: Please specifiy a default value for "GameController.gameOverNode" at its declaration:
 
// Before:
@property(...)
myProp;
// After:
@property(...)
myProp = 0;
2025-06-23T11:46:42.396Z - warn: Please specifiy a default value for "GameOverView.restartButton" at its declaration:
 
// Before:
@property(...)
myProp;
// After:
@property(...)
myProp = 0;
2025-06-23T11:46:42.396Z - warn: Please specifiy a default value for "GameOverView.gameOverView" at its declaration:
 
// Before:
@property(...)
myProp;
// After:
@property(...)
myProp = 0;
2025-06-23T11:46:42.397Z - warn: Please specifiy a default value for "TimerScoreView.timerLabel" at its declaration:
 
// Before:
@property(...)
myProp;
// After:
@property(...)
myProp = 0;
2025-06-23T11:46:42.397Z - warn: Please specifiy a default value for "TimerScoreView.scoreLabel" at its declaration:
 
// Before:
@property(...)
myProp;
// After:
@property(...)
myProp = 0;
2025-06-23T11:47:23.792Z - warn: Please specifiy a default value for "GameController.timeScoreBoardNode" at its declaration:
 
// Before:
@property(...)
myProp;
// After:
@property(...)
myProp = 0;
2025-06-23T11:47:23.792Z - warn: Please specifiy a default value for "GameController.gameOverNode" at its declaration:
 
// Before:
@property(...)
myProp;
// After:
@property(...)
myProp = 0;
2025-06-23T11:47:23.792Z - warn: Please specifiy a default value for "GameOverView.restartButton" at its declaration:
 
// Before:
@property(...)
myProp;
// After:
@property(...)
myProp = 0;
2025-06-23T11:47:23.792Z - warn: Please specifiy a default value for "GameOverView.gameOverView" at its declaration:
 
// Before:
@property(...)
myProp;
// After:
@property(...)
myProp = 0;
2025-06-23T11:47:23.793Z - warn: Please specifiy a default value for "TimerScoreView.timerLabel" at its declaration:
 
// Before:
@property(...)
myProp;
// After:
@property(...)
myProp = 0;
2025-06-23T11:47:23.793Z - warn: Please specifiy a default value for "TimerScoreView.scoreLabel" at its declaration:
 
// Before:
@property(...)
myProp;
// After:
@property(...)
myProp = 0;
2025-06-23T11:49:41.490Z - warn: Please specifiy a default value for "GameController.timeScoreBoardNode" at its declaration:
 
// Before:
@property(...)
myProp;
// After:
@property(...)
myProp = 0;
2025-06-23T11:49:41.491Z - warn: Please specifiy a default value for "GameController.gameOverNode" at its declaration:
 
// Before:
@property(...)
myProp;
// After:
@property(...)
myProp = 0;
2025-06-23T11:49:41.491Z - warn: Please specifiy a default value for "GameOverView.restartButton" at its declaration:
 
// Before:
@property(...)
myProp;
// After:
@property(...)
myProp = 0;
2025-06-23T11:49:41.491Z - warn: Please specifiy a default value for "GameOverView.gameOverView" at its declaration:
 
// Before:
@property(...)
myProp;
// After:
@property(...)
myProp = 0;
2025-06-23T11:49:41.493Z - warn: Please specifiy a default value for "TimerScoreView.timerLabel" at its declaration:
 
// Before:
@property(...)
myProp;
// After:
@property(...)
myProp = 0;
2025-06-23T11:49:41.494Z - warn: Please specifiy a default value for "TimerScoreView.scoreLabel" at its declaration:
 
// Before:
@property(...)
myProp;
// After:
@property(...)
myProp = 0;
2025-06-23T12:19:26.897Z - warn: Please specifiy a default value for "GameController.timeScoreBoardNode" at its declaration:
 
// Before:
@property(...)
myProp;
// After:
@property(...)
myProp = 0;
2025-06-23T12:19:26.897Z - warn: Please specifiy a default value for "GameController.gameOverNode" at its declaration:
 
// Before:
@property(...)
myProp;
// After:
@property(...)
myProp = 0;
2025-06-23T12:19:26.898Z - warn: Please specifiy a default value for "GameOverView.restartButton" at its declaration:
 
// Before:
@property(...)
myProp;
// After:
@property(...)
myProp = 0;
2025-06-23T12:19:26.898Z - warn: Please specifiy a default value for "GameOverView.gameOverView" at its declaration:
 
// Before:
@property(...)
myProp;
// After:
@property(...)
myProp = 0;
2025-06-23T12:19:26.900Z - warn: Please specifiy a default value for "TimerScoreView.timerLabel" at its declaration:
 
// Before:
@property(...)
myProp;
// After:
@property(...)
myProp = 0;
2025-06-23T12:19:26.900Z - warn: Please specifiy a default value for "TimerScoreView.scoreLabel" at its declaration:
 
// Before:
@property(...)
myProp;
// After:
@property(...)
myProp = 0;
2025-06-23T12:22:15.368Z - warn: Please specifiy a default value for "GameController.timeScoreBoardNode" at its declaration:
 
// Before:
@property(...)
myProp;
// After:
@property(...)
myProp = 0;
2025-06-23T12:22:15.368Z - warn: Please specifiy a default value for "GameController.gameOverNode" at its declaration:
 
// Before:
@property(...)
myProp;
// After:
@property(...)
myProp = 0;
2025-06-23T12:22:15.368Z - warn: Please specifiy a default value for "GameOverView.restartButton" at its declaration:
 
// Before:
@property(...)
myProp;
// After:
@property(...)
myProp = 0;
2025-06-23T12:22:15.369Z - warn: Please specifiy a default value for "GameOverView.gameOverView" at its declaration:
 
// Before:
@property(...)
myProp;
// After:
@property(...)
myProp = 0;
2025-06-23T12:22:15.369Z - warn: Please specifiy a default value for "TimerScoreView.timerLabel" at its declaration:
 
// Before:
@property(...)
myProp;
// After:
@property(...)
myProp = 0;
2025-06-23T12:22:15.369Z - warn: Please specifiy a default value for "TimerScoreView.scoreLabel" at its declaration:
 
// Before:
@property(...)
myProp;
// After:
@property(...)
myProp = 0;
2025-06-23T12:23:02.983Z - warn: Please specifiy a default value for "GameController.timeScoreBoardNode" at its declaration:
 
// Before:
@property(...)
myProp;
// After:
@property(...)
myProp = 0;
2025-06-23T12:23:02.984Z - warn: Please specifiy a default value for "GameController.gameOverNode" at its declaration:
 
// Before:
@property(...)
myProp;
// After:
@property(...)
myProp = 0;
2025-06-23T12:23:02.984Z - warn: Please specifiy a default value for "GameOverView.restartButton" at its declaration:
 
// Before:
@property(...)
myProp;
// After:
@property(...)
myProp = 0;
2025-06-23T12:23:02.984Z - warn: Please specifiy a default value for "GameOverView.gameOverView" at its declaration:
 
// Before:
@property(...)
myProp;
// After:
@property(...)
myProp = 0;
2025-06-23T12:23:02.985Z - warn: Please specifiy a default value for "TimerScoreView.timerLabel" at its declaration:
 
// Before:
@property(...)
myProp;
// After:
@property(...)
myProp = 0;
2025-06-23T12:23:02.985Z - warn: Please specifiy a default value for "TimerScoreView.scoreLabel" at its declaration:
 
// Before:
@property(...)
myProp;
// After:
@property(...)
myProp = 0;
2025-06-23T12:23:49.202Z - warn: Please specifiy a default value for "GameController.timeScoreBoardNode" at its declaration:
 
// Before:
@property(...)
myProp;
// After:
@property(...)
myProp = 0;
2025-06-23T12:23:49.202Z - warn: Please specifiy a default value for "GameController.gameOverNode" at its declaration:
 
// Before:
@property(...)
myProp;
// After:
@property(...)
myProp = 0;
2025-06-23T12:23:49.203Z - warn: Please specifiy a default value for "GameOverView.restartButton" at its declaration:
 
// Before:
@property(...)
myProp;
// After:
@property(...)
myProp = 0;
2025-06-23T12:23:49.203Z - warn: Please specifiy a default value for "GameOverView.gameOverView" at its declaration:
 
// Before:
@property(...)
myProp;
// After:
@property(...)
myProp = 0;
2025-06-23T12:23:49.203Z - warn: Please specifiy a default value for "TimerScoreView.timerLabel" at its declaration:
 
// Before:
@property(...)
myProp;
// After:
@property(...)
myProp = 0;
2025-06-23T12:23:49.203Z - warn: Please specifiy a default value for "TimerScoreView.scoreLabel" at its declaration:
 
// Before:
@property(...)
myProp;
// After:
@property(...)
myProp = 0;
2025-06-23T12:24:36.312Z - warn: Please specifiy a default value for "GameController.timeScoreBoardNode" at its declaration:
 
// Before:
@property(...)
myProp;
// After:
@property(...)
myProp = 0;
2025-06-23T12:24:36.312Z - warn: Please specifiy a default value for "GameController.gameOverNode" at its declaration:
 
// Before:
@property(...)
myProp;
// After:
@property(...)
myProp = 0;
2025-06-23T12:24:36.313Z - warn: Please specifiy a default value for "GameOverView.restartButton" at its declaration:
 
// Before:
@property(...)
myProp;
// After:
@property(...)
myProp = 0;
2025-06-23T12:24:36.313Z - warn: Please specifiy a default value for "GameOverView.gameOverView" at its declaration:
 
// Before:
@property(...)
myProp;
// After:
@property(...)
myProp = 0;
2025-06-23T12:24:36.314Z - warn: Please specifiy a default value for "TimerScoreView.timerLabel" at its declaration:
 
// Before:
@property(...)
myProp;
// After:
@property(...)
myProp = 0;
2025-06-23T12:24:36.314Z - warn: Please specifiy a default value for "TimerScoreView.scoreLabel" at its declaration:
 
// Before:
@property(...)
myProp;
// After:
@property(...)
myProp = 0;
2025-06-23T12:24:57.367Z - warn: Please specifiy a default value for "GameController.timeScoreBoardNode" at its declaration:
 
// Before:
@property(...)
myProp;
// After:
@property(...)
myProp = 0;
2025-06-23T12:24:57.368Z - warn: Please specifiy a default value for "GameController.gameOverNode" at its declaration:
 
// Before:
@property(...)
myProp;
// After:
@property(...)
myProp = 0;
2025-06-23T12:24:57.368Z - warn: Please specifiy a default value for "GameOverView.restartButton" at its declaration:
 
// Before:
@property(...)
myProp;
// After:
@property(...)
myProp = 0;
2025-06-23T12:24:57.368Z - warn: Please specifiy a default value for "GameOverView.gameOverView" at its declaration:
 
// Before:
@property(...)
myProp;
// After:
@property(...)
myProp = 0;
2025-06-23T12:24:57.369Z - warn: Please specifiy a default value for "TimerScoreView.timerLabel" at its declaration:
 
// Before:
@property(...)
myProp;
// After:
@property(...)
myProp = 0;
2025-06-23T12:24:57.369Z - warn: Please specifiy a default value for "TimerScoreView.scoreLabel" at its declaration:
 
// Before:
@property(...)
myProp;
// After:
@property(...)
myProp = 0;
2025-06-23T12:25:21.641Z - warn: Please specifiy a default value for "GameController.timeScoreBoardNode" at its declaration:
 
// Before:
@property(...)
myProp;
// After:
@property(...)
myProp = 0;
2025-06-23T12:25:21.641Z - warn: Please specifiy a default value for "GameController.gameOverNode" at its declaration:
 
// Before:
@property(...)
myProp;
// After:
@property(...)
myProp = 0;
2025-06-23T12:25:21.641Z - warn: Please specifiy a default value for "GameOverView.restartButton" at its declaration:
 
// Before:
@property(...)
myProp;
// After:
@property(...)
myProp = 0;
2025-06-23T12:25:21.641Z - warn: Please specifiy a default value for "GameOverView.gameOverView" at its declaration:
 
// Before:
@property(...)
myProp;
// After:
@property(...)
myProp = 0;
2025-06-23T12:25:21.641Z - warn: Please specifiy a default value for "TimerScoreView.timerLabel" at its declaration:
 
// Before:
@property(...)
myProp;
// After:
@property(...)
myProp = 0;
2025-06-23T12:25:21.641Z - warn: Please specifiy a default value for "TimerScoreView.scoreLabel" at its declaration:
 
// Before:
@property(...)
myProp;
// After:
@property(...)
myProp = 0;
2025-06-23T12:26:09.049Z - warn: Please specifiy a default value for "GameController.timeScoreBoardNode" at its declaration:
 
// Before:
@property(...)
myProp;
// After:
@property(...)
myProp = 0;
2025-06-23T12:26:09.050Z - warn: Please specifiy a default value for "GameController.gameOverNode" at its declaration:
 
// Before:
@property(...)
myProp;
// After:
@property(...)
myProp = 0;
2025-06-23T12:26:09.050Z - warn: Please specifiy a default value for "GameOverView.restartButton" at its declaration:
 
// Before:
@property(...)
myProp;
// After:
@property(...)
myProp = 0;
2025-06-23T12:26:09.050Z - warn: Please specifiy a default value for "GameOverView.gameOverView" at its declaration:
 
// Before:
@property(...)
myProp;
// After:
@property(...)
myProp = 0;
2025-06-23T12:26:09.051Z - warn: Please specifiy a default value for "TimerScoreView.timerLabel" at its declaration:
 
// Before:
@property(...)
myProp;
// After:
@property(...)
myProp = 0;
2025-06-23T12:26:09.051Z - warn: Please specifiy a default value for "TimerScoreView.scoreLabel" at its declaration:
 
// Before:
@property(...)
myProp;
// After:
@property(...)
myProp = 0;
2025-06-23T12:27:15.066Z - warn: Please specifiy a default value for "GameController.timeScoreBoardNode" at its declaration:
 
// Before:
@property(...)
myProp;
// After:
@property(...)
myProp = 0;
2025-06-23T12:27:15.066Z - warn: Please specifiy a default value for "GameController.gameOverNode" at its declaration:
 
// Before:
@property(...)
myProp;
// After:
@property(...)
myProp = 0;
2025-06-23T12:27:15.066Z - warn: Please specifiy a default value for "GameOverView.restartButton" at its declaration:
 
// Before:
@property(...)
myProp;
// After:
@property(...)
myProp = 0;
2025-06-23T12:27:15.067Z - warn: Please specifiy a default value for "GameOverView.gameOverView" at its declaration:
 
// Before:
@property(...)
myProp;
// After:
@property(...)
myProp = 0;
2025-06-23T12:27:15.067Z - warn: Please specifiy a default value for "TimerScoreView.timerLabel" at its declaration:
 
// Before:
@property(...)
myProp;
// After:
@property(...)
myProp = 0;
2025-06-23T12:27:15.067Z - warn: Please specifiy a default value for "TimerScoreView.scoreLabel" at its declaration:
 
// Before:
@property(...)
myProp;
// After:
@property(...)
myProp = 0;
2025-06-23T12:33:09.656Z - warn: Please specifiy a default value for "GameController.timeScoreBoardNode" at its declaration:
 
// Before:
@property(...)
myProp;
// After:
@property(...)
myProp = 0;
2025-06-23T12:33:09.657Z - warn: Please specifiy a default value for "GameController.gameOverNode" at its declaration:
 
// Before:
@property(...)
myProp;
// After:
@property(...)
myProp = 0;
2025-06-23T12:33:09.657Z - warn: Please specifiy a default value for "GameOverView.restartButton" at its declaration:
 
// Before:
@property(...)
myProp;
// After:
@property(...)
myProp = 0;
2025-06-23T12:33:09.657Z - warn: Please specifiy a default value for "GameOverView.gameOverView" at its declaration:
 
// Before:
@property(...)
myProp;
// After:
@property(...)
myProp = 0;
2025-06-23T12:33:09.659Z - warn: Please specifiy a default value for "TimerScoreView.timerLabel" at its declaration:
 
// Before:
@property(...)
myProp;
// After:
@property(...)
myProp = 0;
2025-06-23T12:33:09.659Z - warn: Please specifiy a default value for "TimerScoreView.scoreLabel" at its declaration:
 
// Before:
@property(...)
myProp;
// After:
@property(...)
myProp = 0;
2025-06-23T12:33:10.195Z - warn: The Asset used by node "bubble2" is missing. Detailed information:
Node path: "bubble2"
Missing uuid: "6f36ac8a-890b-4c17-a0d3-cfe02213bef6"

2025-06-23T12:33:10.200Z - warn: The Asset used is missing. Detailed information:
Missing uuid: "6f36ac8a-890b-4c17-a0d3-cfe02213bef6"

2025-06-23T12:33:10.200Z - warn: The Asset used is missing. Detailed information:
Missing uuid: "6f36ac8a-890b-4c17-a0d3-cfe02213bef6"

2025-06-23T12:33:59.726Z - warn: Please specifiy a default value for "GameController.timeScoreBoardNode" at its declaration:
 
// Before:
@property(...)
myProp;
// After:
@property(...)
myProp = 0;
2025-06-23T12:33:59.727Z - warn: Please specifiy a default value for "GameController.gameOverNode" at its declaration:
 
// Before:
@property(...)
myProp;
// After:
@property(...)
myProp = 0;
2025-06-23T12:33:59.727Z - warn: Please specifiy a default value for "GameOverView.restartButton" at its declaration:
 
// Before:
@property(...)
myProp;
// After:
@property(...)
myProp = 0;
2025-06-23T12:33:59.727Z - warn: Please specifiy a default value for "GameOverView.gameOverView" at its declaration:
 
// Before:
@property(...)
myProp;
// After:
@property(...)
myProp = 0;
2025-06-23T12:33:59.728Z - warn: Please specifiy a default value for "TimerScoreView.timerLabel" at its declaration:
 
// Before:
@property(...)
myProp;
// After:
@property(...)
myProp = 0;
2025-06-23T12:33:59.728Z - warn: Please specifiy a default value for "TimerScoreView.scoreLabel" at its declaration:
 
// Before:
@property(...)
myProp;
// After:
@property(...)
myProp = 0;
2025-06-23T12:35:06.070Z - warn: Please specifiy a default value for "GameController.timeScoreBoardNode" at its declaration:
 
// Before:
@property(...)
myProp;
// After:
@property(...)
myProp = 0;
2025-06-23T12:35:06.070Z - warn: Please specifiy a default value for "GameController.gameOverNode" at its declaration:
 
// Before:
@property(...)
myProp;
// After:
@property(...)
myProp = 0;
2025-06-23T12:35:06.071Z - warn: Please specifiy a default value for "GameOverView.restartButton" at its declaration:
 
// Before:
@property(...)
myProp;
// After:
@property(...)
myProp = 0;
2025-06-23T12:35:06.071Z - warn: Please specifiy a default value for "GameOverView.gameOverView" at its declaration:
 
// Before:
@property(...)
myProp;
// After:
@property(...)
myProp = 0;
2025-06-23T12:35:06.071Z - warn: Please specifiy a default value for "TimerScoreView.timerLabel" at its declaration:
 
// Before:
@property(...)
myProp;
// After:
@property(...)
myProp = 0;
2025-06-23T12:35:06.072Z - warn: Please specifiy a default value for "TimerScoreView.scoreLabel" at its declaration:
 
// Before:
@property(...)
myProp;
// After:
@property(...)
myProp = 0;
2025-06-23T12:35:16.782Z - warn: Please specifiy a default value for "GameController.timeScoreBoardNode" at its declaration:
 
// Before:
@property(...)
myProp;
// After:
@property(...)
myProp = 0;
2025-06-23T12:35:16.782Z - warn: Please specifiy a default value for "GameController.gameOverNode" at its declaration:
 
// Before:
@property(...)
myProp;
// After:
@property(...)
myProp = 0;
2025-06-23T12:35:16.782Z - warn: Please specifiy a default value for "GameOverView.restartButton" at its declaration:
 
// Before:
@property(...)
myProp;
// After:
@property(...)
myProp = 0;
2025-06-23T12:35:16.782Z - warn: Please specifiy a default value for "GameOverView.gameOverView" at its declaration:
 
// Before:
@property(...)
myProp;
// After:
@property(...)
myProp = 0;
2025-06-23T12:35:16.783Z - warn: Please specifiy a default value for "TimerScoreView.timerLabel" at its declaration:
 
// Before:
@property(...)
myProp;
// After:
@property(...)
myProp = 0;
2025-06-23T12:35:16.783Z - warn: Please specifiy a default value for "TimerScoreView.scoreLabel" at its declaration:
 
// Before:
@property(...)
myProp;
// After:
@property(...)
myProp = 0;
